16/10/15 08:11:18 INFO SparkContext: Running Spark version 2.0.1
16/10/15 08:11:18 WARN NativeCodeLoader: Unable to load native-hadoop library for your platform... using builtin-java classes where applicable
16/10/15 08:11:19 INFO SecurityManager: Changing view acls to: phungkhanhlam
16/10/15 08:11:19 INFO SecurityManager: Changing modify acls to: phungkhanhlam
16/10/15 08:11:19 INFO SecurityManager: Changing view acls groups to: 
16/10/15 08:11:19 INFO SecurityManager: Changing modify acls groups to: 
16/10/15 08:11:19 INFO SecurityManager: SecurityManager: authentication disabled; ui acls disabled; users  with view permissions: Set(phungkhanhlam); groups with view permissions: Set(); users  with modify permissions: Set(phungkhanhlam); groups with modify permissions: Set()
16/10/15 08:11:19 INFO Utils: Successfully started service 'sparkDriver' on port 51025.
16/10/15 08:11:19 INFO SparkEnv: Registering MapOutputTracker
16/10/15 08:11:19 INFO SparkEnv: Registering BlockManagerMaster
16/10/15 08:11:19 INFO DiskBlockManager: Created local directory at /private/var/folders/3c/hj6sjhyd6k9_0_910pcmx0pr0000gn/T/blockmgr-3123f6d7-481b-4f73-ad16-1fd0caff7910
16/10/15 08:11:19 INFO MemoryStore: MemoryStore started with capacity 366.3 MB
16/10/15 08:11:19 INFO SparkEnv: Registering OutputCommitCoordinator
16/10/15 08:11:19 INFO Utils: Successfully started service 'SparkUI' on port 4040.
16/10/15 08:11:19 INFO SparkUI: Bound SparkUI to 127.0.0.1, and started at http://127.0.0.1:4040
16/10/15 08:11:19 INFO SparkContext: Added JAR file:/Users/phungkhanhlam/.ivy2/jars/com.databricks_spark-csv_2.11-1.3.0.jar at spark://127.0.0.1:51025/jars/com.databricks_spark-csv_2.11-1.3.0.jar with timestamp 1476493879411
16/10/15 08:11:19 INFO SparkContext: Added JAR file:/Users/phungkhanhlam/.ivy2/jars/org.apache.commons_commons-csv-1.1.jar at spark://127.0.0.1:51025/jars/org.apache.commons_commons-csv-1.1.jar with timestamp 1476493879411
16/10/15 08:11:19 INFO SparkContext: Added JAR file:/Users/phungkhanhlam/.ivy2/jars/com.univocity_univocity-parsers-1.5.1.jar at spark://127.0.0.1:51025/jars/com.univocity_univocity-parsers-1.5.1.jar with timestamp 1476493879412
16/10/15 08:11:19 INFO SparkContext: Added JAR file:/Library/Frameworks/R.framework/Versions/3.3/Resources/library/sparklyr/java/sparklyr-2.0-2.11.jar at spark://127.0.0.1:51025/jars/sparklyr-2.0-2.11.jar with timestamp 1476493879412
16/10/15 08:11:19 INFO Executor: Starting executor ID driver on host localhost
16/10/15 08:11:19 INFO Utils: Successfully started service 'org.apache.spark.network.netty.NettyBlockTransferService' on port 51026.
16/10/15 08:11:19 INFO NettyBlockTransferService: Server created on 127.0.0.1:51026
16/10/15 08:11:19 INFO BlockManagerMaster: Registering BlockManager BlockManagerId(driver, 127.0.0.1, 51026)
16/10/15 08:11:19 INFO BlockManagerMasterEndpoint: Registering block manager 127.0.0.1:51026 with 366.3 MB RAM, BlockManagerId(driver, 127.0.0.1, 51026)
16/10/15 08:11:19 INFO BlockManagerMaster: Registered BlockManager BlockManagerId(driver, 127.0.0.1, 51026)
16/10/15 08:11:19 WARN SparkContext: Use an existing SparkContext, some configuration may not take effect.
16/10/15 08:11:19 INFO HiveSharedState: Warehouse path is '/Users/phungkhanhlam/Dropbox/Workspace2/Projects/lampk.github.io/_rmd/spark-warehouse'.
16/10/15 08:11:19 INFO SparkSqlParser: Parsing command: SHOW TABLES
16/10/15 08:11:20 INFO HiveUtils: Initializing HiveMetastoreConnection version 1.2.1 using Spark classes.
16/10/15 08:11:20 INFO HiveMetaStore: 0: Opening raw store with implemenation class:org.apache.hadoop.hive.metastore.ObjectStore
16/10/15 08:11:20 INFO ObjectStore: ObjectStore, initialize called
16/10/15 08:11:20 INFO Persistence: Property hive.metastore.integral.jdo.pushdown unknown - will be ignored
16/10/15 08:11:20 INFO Persistence: Property datanucleus.cache.level2 unknown - will be ignored
16/10/15 08:11:21 INFO ObjectStore: Setting MetaStore object pin classes with hive.metastore.cache.pinobjtypes="Table,StorageDescriptor,SerDeInfo,Partition,Database,Type,FieldSchema,Order"
16/10/15 08:11:22 INFO Datastore: The class "org.apache.hadoop.hive.metastore.model.MFieldSchema" is tagged as "embedded-only" so does not have its own datastore table.
16/10/15 08:11:22 INFO Datastore: The class "org.apache.hadoop.hive.metastore.model.MOrder" is tagged as "embedded-only" so does not have its own datastore table.
16/10/15 08:11:22 INFO Datastore: The class "org.apache.hadoop.hive.metastore.model.MFieldSchema" is tagged as "embedded-only" so does not have its own datastore table.
16/10/15 08:11:22 INFO Datastore: The class "org.apache.hadoop.hive.metastore.model.MOrder" is tagged as "embedded-only" so does not have its own datastore table.
16/10/15 08:11:22 INFO MetaStoreDirectSql: Using direct SQL, underlying DB is DERBY
16/10/15 08:11:22 INFO ObjectStore: Initialized ObjectStore
16/10/15 08:11:22 WARN ObjectStore: Version information not found in metastore. hive.metastore.schema.verification is not enabled so recording the schema version 1.2.0
16/10/15 08:11:22 WARN ObjectStore: Failed to get database default, returning NoSuchObjectException
16/10/15 08:11:23 INFO HiveMetaStore: Added admin role in metastore
16/10/15 08:11:23 INFO HiveMetaStore: Added public role in metastore
16/10/15 08:11:23 INFO HiveMetaStore: No user is added in admin role, since config is empty
16/10/15 08:11:23 INFO HiveMetaStore: 0: get_all_databases
16/10/15 08:11:23 INFO audit: ugi=phungkhanhlam	ip=unknown-ip-addr	cmd=get_all_databases	
16/10/15 08:11:23 INFO HiveMetaStore: 0: get_functions: db=default pat=*
16/10/15 08:11:23 INFO audit: ugi=phungkhanhlam	ip=unknown-ip-addr	cmd=get_functions: db=default pat=*	
16/10/15 08:11:23 INFO Datastore: The class "org.apache.hadoop.hive.metastore.model.MResourceUri" is tagged as "embedded-only" so does not have its own datastore table.
16/10/15 08:11:23 INFO SessionState: Created HDFS directory: /tmp/hive/phungkhanhlam
16/10/15 08:11:23 INFO SessionState: Created local directory: /var/folders/3c/hj6sjhyd6k9_0_910pcmx0pr0000gn/T/phungkhanhlam
16/10/15 08:11:23 INFO SessionState: Created local directory: /var/folders/3c/hj6sjhyd6k9_0_910pcmx0pr0000gn/T/36e21936-1637-472d-908b-cad0fcc08f7f_resources
16/10/15 08:11:23 INFO SessionState: Created HDFS directory: /tmp/hive/phungkhanhlam/36e21936-1637-472d-908b-cad0fcc08f7f
16/10/15 08:11:23 INFO SessionState: Created local directory: /var/folders/3c/hj6sjhyd6k9_0_910pcmx0pr0000gn/T/phungkhanhlam/36e21936-1637-472d-908b-cad0fcc08f7f
16/10/15 08:11:23 INFO SessionState: Created HDFS directory: /tmp/hive/phungkhanhlam/36e21936-1637-472d-908b-cad0fcc08f7f/_tmp_space.db
16/10/15 08:11:23 INFO HiveClientImpl: Warehouse location for Hive client (version 1.2.1) is /Users/phungkhanhlam/Dropbox/Workspace2/Projects/lampk.github.io/_rmd/spark-warehouse
16/10/15 08:11:23 INFO SessionState: Created local directory: /var/folders/3c/hj6sjhyd6k9_0_910pcmx0pr0000gn/T/caf3faab-bdea-4ce9-860a-543d2c97f196_resources
16/10/15 08:11:23 INFO SessionState: Created HDFS directory: /tmp/hive/phungkhanhlam/caf3faab-bdea-4ce9-860a-543d2c97f196
16/10/15 08:11:23 INFO SessionState: Created local directory: /var/folders/3c/hj6sjhyd6k9_0_910pcmx0pr0000gn/T/phungkhanhlam/caf3faab-bdea-4ce9-860a-543d2c97f196
16/10/15 08:11:23 INFO SessionState: Created HDFS directory: /tmp/hive/phungkhanhlam/caf3faab-bdea-4ce9-860a-543d2c97f196/_tmp_space.db
16/10/15 08:11:23 INFO HiveClientImpl: Warehouse location for Hive client (version 1.2.1) is /Users/phungkhanhlam/Dropbox/Workspace2/Projects/lampk.github.io/_rmd/spark-warehouse
16/10/15 08:11:23 INFO HiveMetaStore: 0: create_database: Database(name:default, description:default database, locationUri:file:/Users/phungkhanhlam/Dropbox/Workspace2/Projects/lampk.github.io/_rmd/spark-warehouse, parameters:{})
16/10/15 08:11:23 INFO audit: ugi=phungkhanhlam	ip=unknown-ip-addr	cmd=create_database: Database(name:default, description:default database, locationUri:file:/Users/phungkhanhlam/Dropbox/Workspace2/Projects/lampk.github.io/_rmd/spark-warehouse, parameters:{})	
16/10/15 08:11:24 INFO HiveMetaStore: 0: get_database: default
16/10/15 08:11:24 INFO audit: ugi=phungkhanhlam	ip=unknown-ip-addr	cmd=get_database: default	
16/10/15 08:11:24 INFO HiveMetaStore: 0: get_database: default
16/10/15 08:11:24 INFO audit: ugi=phungkhanhlam	ip=unknown-ip-addr	cmd=get_database: default	
16/10/15 08:11:24 INFO HiveMetaStore: 0: get_tables: db=default pat=*
16/10/15 08:11:24 INFO audit: ugi=phungkhanhlam	ip=unknown-ip-addr	cmd=get_tables: db=default pat=*	
16/10/15 08:20:05 INFO SparkContext: Invoking stop() from shutdown hook
16/10/15 08:20:05 INFO SparkUI: Stopped Spark web UI at http://127.0.0.1:4040
16/10/15 08:20:05 INFO MapOutputTrackerMasterEndpoint: MapOutputTrackerMasterEndpoint stopped!
16/10/15 08:20:05 INFO MemoryStore: MemoryStore cleared
16/10/15 08:20:05 INFO BlockManager: BlockManager stopped
16/10/15 08:20:05 INFO BlockManagerMaster: BlockManagerMaster stopped
16/10/15 08:20:05 INFO OutputCommitCoordinator$OutputCommitCoordinatorEndpoint: OutputCommitCoordinator stopped!
16/10/15 08:20:05 INFO SparkContext: Successfully stopped SparkContext
16/10/15 08:20:05 INFO ShutdownHookManager: Shutdown hook called
16/10/15 08:20:05 INFO ShutdownHookManager: Deleting directory /private/var/folders/3c/hj6sjhyd6k9_0_910pcmx0pr0000gn/T/spark-61d17eb4-9829-46a0-81ac-a395a7903f00
